-------------------------------------------------------------------------------
Test set: TestSuite
-------------------------------------------------------------------------------
Tests run: 3, Failures: 1, Errors: 0, Skipped: 0, Time elapsed: 49.191 s <<< FAILURE! - in TestSuite
TC02_FailedLoginTest(com.BusyQA.UITest.TestCases.Sprint1.TC_LoginTest)  Time elapsed: 1.398 s  <<< FAILURE!
java.lang.AssertionError: Not matched expected [Invalid] but found [Invalid credentials]
	at com.BusyQA.UITest.TestCases.Sprint1.TC_LoginTest.TC02_FailedLoginTest(TC_LoginTest.java:75)

